TN:
SF:src/app.ts
FNF:0
FNH:0
DA:1,7
DA:2,7
DA:3,7
DA:4,7
DA:5,7
DA:7,7
DA:8,7
DA:9,7
DA:11,7
DA:12,7
DA:14,7
LF:11
LH:11
BRF:0
BRH:0
end_of_record
TN:
SF:src/controllers/recommendationController.ts
FN:6,insert
FN:17,upvote
FN:25,downvote
FN:33,random
FN:39,get
FN:44,getTop
FN:51,getById
FNF:7
FNH:7
FNDA:4,insert
FNDA:3,upvote
FNDA:3,downvote
FNDA:5,random
FNDA:1,get
FNDA:1,getTop
FNDA:5,getById
DA:2,7
DA:3,7
DA:4,7
DA:7,4
DA:8,4
DA:9,2
DA:12,2
DA:14,1
DA:18,3
DA:20,3
DA:22,2
DA:26,3
DA:28,3
DA:30,2
DA:34,5
DA:36,4
DA:40,1
DA:41,1
DA:45,1
DA:47,1
DA:48,1
DA:52,5
DA:54,5
DA:55,3
DA:58,7
LF:25
LH:25
BRDA:8,0,0,2
BRF:1
BRH:1
end_of_record
TN:
SF:src/middlewares/errorHandlerMiddleware.ts
FN:8,errorHandlerMiddleware
FNF:1
FNH:1
FNDA:8,errorHandlerMiddleware
DA:2,7
DA:8,7
DA:14,8
DA:16,8
DA:17,8
DA:20,0
LF:6
LH:5
BRDA:16,0,0,8
BRF:1
BRH:1
end_of_record
TN:
SF:src/routers/recommendationRouter.ts
FNF:0
FNH:0
DA:1,7
DA:2,7
DA:4,7
DA:6,7
DA:7,7
DA:8,7
DA:9,7
DA:10,7
DA:11,7
DA:12,7
DA:14,7
LF:11
LH:11
BRF:0
BRH:0
end_of_record
TN:
SF:src/schemas/recommendationsSchemas.ts
FNF:0
FNH:0
DA:1,7
DA:4,7
DA:6,7
LF:3
LH:3
BRF:0
BRH:0
end_of_record
TN:
SF:src/services/recommendationsService.ts
FN:7,insert
FN:17,upvote
FN:23,downvote
FN:36,getByIdOrFail
FN:43,get
FN:47,getTop
FN:51,getRandom
FN:64,getByScore
FN:77,getScoreFilter
FNF:9
FNH:9
FNDA:2,insert
FNDA:3,upvote
FNDA:3,downvote
FNDA:11,getByIdOrFail
FNDA:1,get
FNDA:1,getTop
FNDA:5,getRandom
FNDA:5,getByScore
FNDA:5,getScoreFilter
DA:2,7
DA:3,7
DA:8,2
DA:11,2
DA:12,1
DA:14,1
DA:18,3
DA:20,2
DA:24,3
DA:26,2
DA:31,2
DA:32,1
DA:37,11
DA:38,11
DA:40,7
DA:44,1
DA:48,1
DA:52,5
DA:53,5
DA:55,5
DA:56,5
DA:57,1
DA:60,4
DA:61,4
DA:65,5
DA:70,5
DA:71,2
DA:74,3
DA:78,5
DA:79,3
DA:82,2
DA:85,7
LF:32
LH:32
BRDA:11,0,0,1
BRDA:31,1,0,1
BRDA:38,2,0,4
BRDA:56,3,0,1
BRDA:70,4,0,2
BRDA:78,5,0,3
BRF:6
BRH:6
end_of_record
